DBTest01_sample/app/build/intermediates/manifest_merge_blame_file/debug/manifest-merger-blame-debug-report.txt
1<?xml version="1.0" encoding="utf-8"?>
2<manifest xmlns:android="http://schemas.android.com/apk/res/android"
3    package="mobile.example.dbtest"
4    android:versionCode="1"
5    android:versionName="1.0" >
6
7    <uses-sdk
8        android:minSdkVersion="26"
8-->src\main\AndroidManifest.xml
9        android:targetSdkVersion="30" />
9-->src\main\AndroidManifest.xml
10
11    <application
11-->src\main\AndroidManifest.xml:7:5-33:19
12        android:allowBackup="true"
12-->src\main\AndroidManifest.xml:8:9-35
13        android:appComponentFactory="androidx.core.app.CoreComponentFactory"
13-->[androidx.core:core:1.5.0] AndroidManifest.xml:24:18-86
14        android:debuggable="true"
15        android:extractNativeLibs="false"
16        android:icon="@drawable/ic_launcher"
16-->src\main\AndroidManifest.xml:9:9-45
17        android:label="@string/app_name"
17-->src\main\AndroidManifest.xml:10:9-41
18        android:testOnly="true"
19        android:theme="@style/AppTheme" >
19-->src\main\AndroidManifest.xml:11:9-40
20        <activity
20-->src\main\AndroidManifest.xml:12:9-14:40
21            android:name="mobile.example.dbtest.UpdateContactActivity"
21-->src\main\AndroidManifest.xml:13:13-50
22            android:exported="false" />
22-->src\main\AndroidManifest.xml:14:13-37
23        <activity
23-->src\main\AndroidManifest.xml:15:9-23:20
24            android:name="mobile.example.dbtest.MainActivity"
24-->src\main\AndroidManifest.xml:16:13-41
25            android:label="@string/app_name" >
25-->src\main\AndroidManifest.xml:17:13-45
26            <intent-filter>
26-->src\main\AndroidManifest.xml:18:13-22:29
27                <action android:name="android.intent.action.MAIN" />
27-->src\main\AndroidManifest.xml:19:17-69
27-->src\main\AndroidManifest.xml:19:25-66
28
29                <category android:name="android.intent.category.LAUNCHER" />
29-->src\main\AndroidManifest.xml:21:17-77
29-->src\main\AndroidManifest.xml:21:27-74
30            </intent-filter>
31        </activity>
32        <activity
32-->src\main\AndroidManifest.xml:24:9-26:76
33            android:name="mobile.example.dbtest.AllContactsActivity"
33-->src\main\AndroidManifest.xml:25:13-48
34            android:label="@string/title_activity_all_contacts" />
34-->src\main\AndroidManifest.xml:26:13-64
35        <activity
35-->src\main\AndroidManifest.xml:27:9-29:78
36            android:name="mobile.example.dbtest.InsertContactActivity"
36-->src\main\AndroidManifest.xml:28:13-50
37            android:label="@string/title_activity_insert_contact" />
37-->src\main\AndroidManifest.xml:29:13-66
38        <activity
38-->src\main\AndroidManifest.xml:30:9-32:78
39            android:name="mobile.example.dbtest.SearchContactActivity"
39-->src\main\AndroidManifest.xml:31:13-50
40            android:label="@string/title_activity_search_contact" />
40-->src\main\AndroidManifest.xml:32:13-66
41
42        <service
42-->[androidx.room:room-runtime:2.3.0] AndroidManifest.xml:25:9-28:40
43            android:name="androidx.room.MultiInstanceInvalidationService"
43-->[androidx.room:room-runtime:2.3.0] AndroidManifest.xml:26:13-74
44            android:directBootAware="true"
44-->[androidx.room:room-runtime:2.3.0] AndroidManifest.xml:27:13-43
45            android:exported="false" />
45-->[androidx.room:room-runtime:2.3.0] AndroidManifest.xml:28:13-37
46    </application>
47
48</manifest>